Build started 12/5/2020 7:34:46 PM.
     1>Project "C:\Users\My PC\Desktop\TomatoEngine\TomatoEngine\TomatoEngine.vcxproj" on node 2 (Build target(s)).
     1>ClCompile:
         C:\Program Files (x86)\Microsoft Visual Studio 12.0\VC\bin\CL.exe /c /I"C:\Users\My PC\Desktop\TomatoEngine\TomatoEngine\libs\SDL2_ttf\include" /I"C:\Users\My PC\Desktop\TomatoEngine\TomatoEngine\libs\SDL2\include" /I"C:\Users\My PC\Desktop\TomatoEngine\TomatoEngine\libs\SDL2_image\include" /ZI /nologo /W3 /WX- /sdl /Od /Oy- /D _MBCS /Gm /EHsc /RTC1 /MDd /GS /fp:precise /Zc:wchar_t /Zc:forScope /Fo"Debug\\" /Fd"Debug\vc120.pdb" /Gd /TP /analyze- /errorReport:prompt PhysicsSystem.cpp
         PhysicsSystem.cpp
       Link:
         C:\Program Files (x86)\Microsoft Visual Studio 12.0\VC\bin\link.exe /ERRORREPORT:PROMPT /OUT:"C:\Users\My PC\Desktop\TomatoEngine\Debug\TomatoEngine.exe" /INCREMENTAL /NOLOGO /LIBPATH:"C:\Users\My PC\Desktop\TomatoEngine\TomatoEngine\libs\SDL2_ttf\lib\x86" /LIBPATH:"C:\Users\My PC\Desktop\TomatoEngine\TomatoEngine\libs\SDL2\lib\x86" /LIBPATH:"C:\Users\My PC\Desktop\TomatoEngine\TomatoEngine\libs\SDL2_image\lib\x86" SDL2.lib SDL2main.lib SDL2_image.lib SDL2_ttf.lib kernel32.lib user32.lib gdi32.lib winspool.lib comdlg32.lib advapi32.lib shell32.lib ole32.lib oleaut32.lib uuid.lib odbc32.lib odbccp32.lib /MANIFEST /MANIFESTUAC:"level='asInvoker' uiAccess='false'" /manifest:embed /DEBUG /PDB:"C:\Users\My PC\Desktop\TomatoEngine\Debug\TomatoEngine.pdb" /SUBSYSTEM:CONSOLE /TLBID:1 /DYNAMICBASE /NXCOMPAT /IMPLIB:"C:\Users\My PC\Desktop\TomatoEngine\Debug\TomatoEngine.lib" /MACHINE:X86 Debug\AssetsPool.obj
         Debug\CameraTrackingSystem.obj
         Debug\Character.obj
         Debug\Chunk.obj
         Debug\GraphicsHandle.obj
         Debug\InputSystem.obj
         Debug\LoadingState.obj
         Debug\main.obj
         Debug\MenuState.obj
         Debug\MovementSystem.obj
         Debug\PhysicsSystem.obj
         Debug\PlayerHandle.obj
         Debug\PlayState.obj
         Debug\pugixml.obj
         Debug\RenderSystem.obj
         Debug\Window.obj
         Debug\WorldHandle.obj
         TomatoEngine.vcxproj -> C:\Users\My PC\Desktop\TomatoEngine\Debug\TomatoEngine.exe
     1>Done Building Project "C:\Users\My PC\Desktop\TomatoEngine\TomatoEngine\TomatoEngine.vcxproj" (Build target(s)).

Build succeeded.

Time Elapsed 00:00:02.80
